<?xml version="1.0" encoding="UTF-8"?>
<!-- Generated by org.testng.reporters.JUnitXMLReporter -->
<testsuite hostname="Vladimir" name="AllTest" tests="7" failures="0" timestamp="13 Feb 2016 16:36:48 GMT" time="11.8" errors="0">
  <testcase name="testAddNewAddress" time="2.07" classname="com.diplom.AddressTest"/>
  <testcase name="testUpdateAddress" time="1.881" classname="com.diplom.AddressTest"/>
  <testcase name="testDeleteAddress" time="0.405" classname="com.diplom.AddressTest"/>
  <testcase name="testAddAddressToGroup" time="0.456" classname="com.diplom.AddressTest"/>
  <testcase name="testAddNewGroup" time="0.892" classname="com.diplom.GroupTest"/>
  <testcase name="testUpdateGroup" time="0.818" classname="com.diplom.GroupTest"/>
  <testcase name="testDeleteGroup" time="0.24" classname="com.diplom.GroupTest"/>
</testsuite> <!-- AllTest -->
