<?xml version="1.0" encoding="UTF-8"?>
<testng-results skipped="0" failed="0" total="7" passed="7">
  <reporter-output>
  </reporter-output>
  <suite name="AllTest" duration-ms="11800" started-at="2016-02-13T16:36:36Z" finished-at="2016-02-13T16:36:48Z">
    <groups>
    </groups>
    <test name="AllTest" duration-ms="11800" started-at="2016-02-13T16:36:36Z" finished-at="2016-02-13T16:36:48Z">
      <class name="com.diplom.GroupTest">
        <test-method status="PASS" signature="init()[pri:0, instance:com.diplom.GroupTest@3b81a1bc]" name="init" is-config="true" duration-ms="390" started-at="2016-02-13T18:36:46Z" finished-at="2016-02-13T18:36:46Z">
          <reporter-output>
          </reporter-output>
        </test-method> <!-- init -->
        <test-method status="PASS" signature="testAddNewGroup(com.diplom.model.Group)[pri:0, instance:com.diplom.GroupTest@3b81a1bc]" name="testAddNewGroup" duration-ms="892" started-at="2016-02-13T18:36:46Z" data-provider="newGroupData" finished-at="2016-02-13T18:36:47Z">
          <params>
            <param index="0">
              <value>
                <![CDATA[com.diplom.model.Group@267cde2e]]>
              </value>
            </param>
          </params>
          <reporter-output>
          </reporter-output>
        </test-method> <!-- testAddNewGroup -->
        <test-method status="PASS" signature="testUpdateGroup(com.diplom.model.Group, com.diplom.model.Group)[pri:0, instance:com.diplom.GroupTest@3b81a1bc]" name="testUpdateGroup" duration-ms="818" started-at="2016-02-13T18:36:47Z" data-provider="updateGroupData" finished-at="2016-02-13T18:36:48Z">
          <params>
            <param index="0">
              <value>
                <![CDATA[com.diplom.model.Group@19b206ee]]>
              </value>
            </param>
            <param index="1">
              <value>
                <![CDATA[com.diplom.model.Group@ffd4cba]]>
              </value>
            </param>
          </params>
          <reporter-output>
          </reporter-output>
        </test-method> <!-- testUpdateGroup -->
        <test-method status="PASS" signature="testDeleteGroup(com.diplom.model.Group)[pri:0, instance:com.diplom.GroupTest@3b81a1bc]" name="testDeleteGroup" duration-ms="240" started-at="2016-02-13T18:36:48Z" data-provider="deleteGroupData" finished-at="2016-02-13T18:36:48Z">
          <params>
            <param index="0">
              <value>
                <![CDATA[com.diplom.model.Group@2ffb3aec]]>
              </value>
            </param>
          </params>
          <reporter-output>
          </reporter-output>
        </test-method> <!-- testDeleteGroup -->
        <test-method status="PASS" signature="stop()[pri:0, instance:com.diplom.GroupTest@3b81a1bc]" name="stop" is-config="true" duration-ms="1462" started-at="2016-02-13T18:36:48Z" finished-at="2016-02-13T18:36:50Z">
          <reporter-output>
          </reporter-output>
        </test-method> <!-- stop -->
      </class> <!-- com.diplom.GroupTest -->
      <class name="com.diplom.AddressTest">
        <test-method status="PASS" signature="init()[pri:0, instance:com.diplom.AddressTest@614c5515]" name="init" is-config="true" duration-ms="4537" started-at="2016-02-13T18:36:36Z" finished-at="2016-02-13T18:36:41Z">
          <reporter-output>
          </reporter-output>
        </test-method> <!-- init -->
        <test-method status="PASS" signature="testAddNewAddress(com.diplom.model.Address)[pri:0, instance:com.diplom.AddressTest@614c5515]" name="testAddNewAddress" duration-ms="2070" started-at="2016-02-13T18:36:41Z" data-provider="newAddressData" finished-at="2016-02-13T18:36:43Z">
          <params>
            <param index="0">
              <value>
                <![CDATA[com.diplom.model.Address@2bc12da]]>
              </value>
            </param>
          </params>
          <reporter-output>
          </reporter-output>
        </test-method> <!-- testAddNewAddress -->
        <test-method status="PASS" signature="testUpdateAddress(com.diplom.model.Address, com.diplom.model.Address)[pri:0, instance:com.diplom.AddressTest@614c5515]" name="testUpdateAddress" duration-ms="1881" started-at="2016-02-13T18:36:43Z" data-provider="updateAddressData" finished-at="2016-02-13T18:36:45Z">
          <params>
            <param index="0">
              <value>
                <![CDATA[com.diplom.model.Address@5b5c0057]]>
              </value>
            </param>
            <param index="1">
              <value>
                <![CDATA[com.diplom.model.Address@749f539e]]>
              </value>
            </param>
          </params>
          <reporter-output>
          </reporter-output>
        </test-method> <!-- testUpdateAddress -->
        <test-method status="PASS" signature="testDeleteAddress(com.diplom.model.Address)[pri:0, instance:com.diplom.AddressTest@614c5515]" name="testDeleteAddress" duration-ms="405" started-at="2016-02-13T18:36:45Z" data-provider="deleteAddressData" finished-at="2016-02-13T18:36:45Z">
          <params>
            <param index="0">
              <value>
                <![CDATA[com.diplom.model.Address@66596a88]]>
              </value>
            </param>
          </params>
          <reporter-output>
          </reporter-output>
        </test-method> <!-- testDeleteAddress -->
        <test-method status="PASS" signature="testAddAddressToGroup(com.diplom.model.Address)[pri:0, instance:com.diplom.AddressTest@614c5515]" name="testAddAddressToGroup" duration-ms="456" started-at="2016-02-13T18:36:45Z" data-provider="addAddressData" finished-at="2016-02-13T18:36:46Z">
          <params>
            <param index="0">
              <value>
                <![CDATA[com.diplom.model.Address@61a91912]]>
              </value>
            </param>
          </params>
          <reporter-output>
          </reporter-output>
        </test-method> <!-- testAddAddressToGroup -->
      </class> <!-- com.diplom.AddressTest -->
    </test> <!-- AllTest -->
  </suite> <!-- AllTest -->
</testng-results>
